<?xml version="1.0" encoding="UTF-8"?>
<!-- Generated by org.testng.reporters.JUnitXMLReporter -->
<testsuite ignored="0" hostname="DESKTOP-SEKDPB4" failures="0" tests="2" name="Default test" time="0.057" errors="0" timestamp="2022-09-19T09:32:43 IST">
  <testcase classname="tests.TestNGClass2" name="@BeforeTest openBrowser" time="-1.663560163758E9">
    <failure type="org.testng.TestNGException" message="
Can inject only one of &amp;lt;ITestContext, XmlTest&amp;gt; into a @BeforeTest annotated openBrowser.
For more information on native dependency injection please refer to https://testng.org/doc/documentation-main.html#native-dependency-injection">
      <![CDATA[org.testng.TestNGException: 
Can inject only one of <ITestContext, XmlTest> into a @BeforeTest annotated openBrowser.
For more information on native dependency injection please refer to https://testng.org/doc/documentation-main.html#native-dependency-injection
at org.testng.internal.Parameters.checkParameterTypes(Parameters.java:439)
at org.testng.internal.Parameters.createParametersForMethod(Parameters.java:353)
at org.testng.internal.Parameters.createParameters(Parameters.java:708)
at org.testng.internal.Parameters.createConfigurationParameters(Parameters.java:168)
at org.testng.internal.ConfigInvoker.invokeConfigurations(ConfigInvoker.java:302)
at org.testng.TestRunner.invokeTestConfigurations(TestRunner.java:637)
at org.testng.TestRunner.beforeRun(TestRunner.java:627)
at org.testng.TestRunner.run(TestRunner.java:589)
at org.testng.SuiteRunner.runTest(SuiteRunner.java:377)
at org.testng.SuiteRunner.runSequentially(SuiteRunner.java:371)
at org.testng.SuiteRunner.privateRun(SuiteRunner.java:332)
at org.testng.SuiteRunner.run(SuiteRunner.java:276)
at org.testng.SuiteRunnerWorker.runSuite(SuiteRunnerWorker.java:53)
at org.testng.SuiteRunnerWorker.run(SuiteRunnerWorker.java:96)
at org.testng.TestNG.runSuitesSequentially(TestNG.java:1212)
at org.testng.TestNG.runSuitesLocally(TestNG.java:1134)
at org.testng.TestNG.runSuites(TestNG.java:1063)
at org.testng.TestNG.run(TestNG.java:1031)
at org.testng.remote.AbstractRemoteTestNG.run(AbstractRemoteTestNG.java:115)
at org.testng.remote.RemoteTestNG.initAndRun(RemoteTestNG.java:251)
at org.testng.remote.RemoteTestNG.main(RemoteTestNG.java:77)
]]>
    </failure>
  </testcase> <!-- @BeforeTest openBrowser -->
  <testcase classname="tests.TestNGClass2" name="@BeforeClass creatPOMObjects" time="-1.663560163783E9">
    <skipped/>
  </testcase> <!-- @BeforeClass creatPOMObjects -->
  <testcase classname="tests.TestNGClass2" name="@BeforeMethod openRoomPage" time="-1.663560163794E9">
    <skipped/>
  </testcase> <!-- @BeforeMethod openRoomPage -->
  <testcase classname="tests.TestNGClass2" name="@AfterMethod logoutFromApplication" time="-1.663560163798E9">
    <skipped/>
  </testcase> <!-- @AfterMethod logoutFromApplication -->
  <testcase classname="tests.TestNGClass2" name="@BeforeMethod openRoomPage" time="-1.663560163801E9">
    <skipped/>
  </testcase> <!-- @BeforeMethod openRoomPage -->
  <testcase classname="tests.TestNGClass2" name="@AfterMethod logoutFromApplication" time="-1.663560163804E9">
    <skipped/>
  </testcase> <!-- @AfterMethod logoutFromApplication -->
  <testcase classname="tests.TestNGClass2" name="@AfterClass clearObjects" time="-1.663560163806E9">
    <skipped/>
  </testcase> <!-- @AfterClass clearObjects -->
  <testcase classname="tests.TestNGClass2" name="@AfterTest closeBrowser" time="-1.663560163809E9">
    <skipped/>
  </testcase> <!-- @AfterTest closeBrowser -->
  <testcase classname="tests.TestNGClass2" name="verifyContactToHelpCenterButton" time="0.0">
    <skipped/>
  </testcase> <!-- verifyContactToHelpCenterButton -->
  <testcase classname="tests.TestNGClass2" name="verifyReturnToMessangerButton" time="0.0">
    <skipped/>
  </testcase> <!-- verifyReturnToMessangerButton -->
</testsuite> <!-- Default test -->
